witterController TwitterController
TweetTwitter
TwitterLoginControllerTwitterLoginController
 ... complete the GPIO #02 circuit and see the listener feedback here in the console.
PythonConnector setSetting.
PythonConnector..parseCommand:connect
addr=localhost,port=9998
editUrl=http://192.168.1.18/pukiwiki/?LightSensor2

setPageOfTheURL editUrl=http://192.168.1.18/pukiwiki/?LightSensor2
connectButton.actionPerformed, url=http://192.168.1.18/pukiwiki/?LightSensor2
new getMethod(http://192.168.1.18/pukiwiki/?LightSensor2)
l=<?xml
r=?>
l=<meta
r=/>
tag= http-equiv="Content-Type" content="text/html; charset=UTF-8" 
key=encoding
 key?=http-equiv
 key?=content
 key?=charset
pageCharSet=
l=<body>
r=</body>
l=<div id="header">
r=</div>
l=<span class="small">
r=</span>
setPageOfTheURL(http://192.168.1.18/pukiwiki/?LightSensor2)baseUrl=http://192.168.1.18/pukiwiki/
l=<pre>
r=</pre>
setPageOfTheURL editUrl=http://192.168.1.18/pukiwiki/?LightSensor2
connectButton.actionPerformed, url=http://192.168.1.18/pukiwiki/?LightSensor2
new getMethod(http://192.168.1.18/pukiwiki/?LightSensor2)
l=<?xml
r=?>
l=<meta
r=/>
tag= http-equiv="Content-Type" content="text/html; charset=UTF-8" 
key=encoding
 key?=http-equiv
 key?=content
 key?=charset
pageCharSet=
l=<body>
r=</body>
l=<div id="header">
r=</div>
l=<span class="small">
r=</span>
setPageOfTheURL(http://192.168.1.18/pukiwiki/?LightSensor2)baseUrl=http://192.168.1.18/pukiwiki/
editPageButton.actionPerformed, event=null
editUrl=http://192.168.1.18/pukiwiki/?cmd=edit&page=LightSensor2
baseUrl=http://192.168.1.18/pukiwiki/

http://192.168.1.18/pukiwiki/?cmd=edit&page=LightSensor2

connectButton.actionPerformed, url=http://192.168.1.18/pukiwiki/?cmd=edit&page=LightSensor2
new getMethod(http://192.168.1.18/pukiwiki/?cmd=edit&page=LightSensor2)
l=<form
r=</form>
form= action="./" method="post" class="_plugin_edit_edit_form" style="margin-bottom:0;">
<div><input type="hidden" name="encode_hint" value="ぷ" /></div>
  <select name="template_page">
   <option value="">-- 雛形とするページ --</option>
   <option value="AutoTicketLinkName">AutoTicketLinkName</option>
   <option value="BracketName">BracketName</option>
   <option value="FormattingRules">FormattingRules</option>
   <option value="FrontPage">FrontPage</option>
   <option value="Help">Help</option>
   <option value="InterWiki">InterWiki</option>
   <option value="InterWikiName">InterWikiName</option>
   <option value="InterWikiSandBox">InterWikiSandBox</option>
   <option value="LightSensor1">LightSensor1</option>
   <option value="LightSensor2">LightSensor2</option>
   <option value="MenuBar">MenuBar</option>
   <option value="PHP">PHP</option>
   <option value="PukiWiki">PukiWiki</option>
   <option value="PukiWiki/1.4">PukiWiki/1.4</option>
   <option value="PukiWiki/1.4/Manual">PukiWiki/1.4/Manual</option>
   <option value="PukiWiki/1.4/Manual/Plugin">PukiWiki/1.4/Manual/Plugin</option>
   <option value="PukiWiki/1.4/Manual/Plugin/A-D">PukiWiki/1.4/Manual/Plugin/A-D</option>
   <option value="PukiWiki/1.4/Manual/Plugin/E-G">PukiWiki/1.4/Manual/Plugin/E-G</option>
   <option value="PukiWiki/1.4/Manual/Plugin/H-K">PukiWiki/1.4/Manual/Plugin/H-K</option>
   <option value="PukiWiki/1.4/Manual/Plugin/L-N">PukiWiki/1.4/Manual/Plugin/L-N</option>
   <option value="PukiWiki/1.4/Manual/Plugin/O-R">PukiWiki/1.4/Manual/Plugin/O-R</option>
   <option value="PukiWiki/1.4/Manual/Plugin/S-U">PukiWiki/1.4/Manual/Plugin/S-U</option>
   <option value="PukiWiki/1.4/Manual/Plugin/V-Z">PukiWiki/1.4/Manual/Plugin/V-Z</option>
   <option value="RecentDeleted">RecentDeleted</option>
   <option value="SandBox">SandBox</option>
   <option value="WikiEngines">WikiEngines</option>
   <option value="WikiName">WikiName</option>
   <option value="WikiWikiWeb">WikiWikiWeb</option>
   <option value="YukiWiki">YukiWiki</option>
  </select>
  <input type="submit" name="template" value="読込" accesskey="r" />
  <br />
  
  <input type="hidden" name="cmd"    value="edit" />
  <input type="hidden" name="page"   value="LightSensor2" />
  <input type="hidden" name="digest" value="a6c3548635097455d6ed623bee5054db" />
  <input type="hidden" id="_msg_edit_cancel_confirm" value="編集中のテキストは破棄されます。よろしいですか ?" />
  <input type="hidden" id="_msg_edit_unloadbefore_message" value="入力したデータは保存されません。" />
  <textarea name="msg" rows="20" cols="80">[[LighySensor2]]

 objectPage http://192.168.1.18/pukiwiki/?LightSensor2 or http://192.168.1.18/pukiwiki/?LightSensor2
 device yamaRasPiDp9_1 or yamaRasPiDp9_2 start after no write for 10 min.
 command: set readInterval=15000
 command: set execInterval=0
 command: program i2cLightSensor
 program: '
 program: ' init i2c
 program: ex(&quot;pi4j&quot;, &quot;i2c use 1&quot;)
 program: '
 program: ' init lux sensor 
 program: ex(&quot;pi4j&quot;, &quot;i2c write1 0x29,0x80,0x03&quot;) 'power up the tsl2561 lux sensor
 program: ex(&quot;pi4j&quot;, &quot;i2c write1 0x29,0x81,0x00&quot;)
 program: ex(&quot;pi4j&quot;, &quot;i2c write1 0x29,0x86,0x00&quot;) 'scale
 program: ex(&quot;pi4j&quot;, &quot;i2c write1 0x29,0x80,0x00&quot;) 'power down
 program: ex(&quot;pi4j&quot;, &quot;i2c write1 0x29,0x80,0x03&quot;) ' power up again
 program: delay(50)
 program: '
 program: 'get the lux value
 program: v1=ex(&quot;pi4j&quot;, &quot;i2c read1 0x29,0x8c&quot;)
 program: v2=ex(&quot;pi4j&quot;, &quot;i2c read1 0x29,0x8d&quot;)
 program: v=s2i(v2)*256+s2i(v1)
 program: '
 program: ex(&quot;pi4j&quot;, &quot;i2c close.&quot;)
 program: ex(&quot;service&quot;,&quot;clear sendBuffer&quot;)
 program: ex(&quot;service&quot;,&quot;putSendBuffer device=light, Date=&quot;+ex(&quot;service&quot;,&quot;getCurrentDate.&quot;)+&quot;, v=&quot;+v);
 program: ex(&quot;service&quot;,&quot;sendResults.&quot;)
 command: end i2cLightSensor
 command: run i2cLightSensor
 result:
 device=light, Date=2022/12/7/ 10:7:0, v=15
 currentDevice=&quot;yamaRasPiDp1_1&quot;,Date=2022/12/7/ 10:7:0
</textarea>
  <br />
  <div style="float:left;">
   <input type="submit" name="preview" value="プレビュー" accesskey="p" />
   <input type="submit" name="write"   value="ページの更新" accesskey="s" />
   
   <input type="checkbox" name="notimestamp" id="_edit_form_notimestamp" value="true" />
   <label for="_edit_form_notimestamp"><span class="small">タイムスタンプを変更しない</span></label>
&nbsp;
  </div>
  <textarea name="original" rows="1" cols="1" style="display:none">[[LighySensor2]]

 objectPage http://192.168.1.18/pukiwiki/?LightSensor2 or http://192.168.1.18/pukiwiki/?LightSensor2
 device yamaRasPiDp9_1 or yamaRasPiDp9_2 start after no write for 10 min.
 command: set readInterval=15000
 command: set execInterval=0
 command: program i2cLightSensor
 program: '
 program: ' init i2c
 program: ex(&quot;pi4j&quot;, &quot;i2c use 1&quot;)
 program: '
 program: ' init lux sensor 
 program: ex(&quot;pi4j&quot;, &quot;i2c write1 0x29,0x80,0x03&quot;) 'power up the tsl2561 lux sensor
 program: ex(&quot;pi4j&quot;, &quot;i2c write1 0x29,0x81,0x00&quot;)
 program: ex(&quot;pi4j&quot;, &quot;i2c write1 0x29,0x86,0x00&quot;) 'scale
 program: ex(&quot;pi4j&quot;, &quot;i2c write1 0x29,0x80,0x00&quot;) 'power down
 program: ex(&quot;pi4j&quot;, &quot;i2c write1 0x29,0x80,0x03&quot;) ' power up again
 program: delay(50)
 program: '
 program: 'get the lux value
 program: v1=ex(&quot;pi4j&quot;, &quot;i2c read1 0x29,0x8c&quot;)
 program: v2=ex(&quot;pi4j&quot;, &quot;i2c read1 0x29,0x8d&quot;)
 program: v=s2i(v2)*256+s2i(v1)
 program: '
 program: ex(&quot;pi4j&quot;, &quot;i2c close.&quot;)
 program: ex(&quot;service&quot;,&quot;clear sendBuffer&quot;)
 program: ex(&quot;service&quot;,&quot;putSendBuffer device=light, Date=&quot;+ex(&quot;service&quot;,&quot;getCurrentDate.&quot;)+&quot;, v=&quot;+v);
 program: ex(&quot;service&quot;,&quot;sendResults.&quot;)
 command: end i2cLightSensor
 command: run i2cLightSensor
 result:
 device=light, Date=2022/12/7/ 10:7:0, v=15
 currentDevice=&quot;yamaRasPiDp1_1&quot;,Date=2022/12/7/ 10:7:0
</textarea>
 
z=[[LighySensor2]]

 objectPage http://192.168.1.18/pukiwiki/?LightSensor2 or http://192.168.1.18/pukiwiki/?LightSensor2
 device yamaRasPiDp9_1 or yamaRasPiDp9_2 start after no write for 10 min.
 command: set readInterval=15000
 command: set execInterval=0
 command: program i2cLightSensor
 program: '
 program: ' init i2c
 program: ex(&quot;pi4j&quot;, &quot;i2c use 1&quot;)
 program: '
 program: ' init lux sensor 
 program: ex(&quot;pi4j&quot;, &quot;i2c write1 0x29,0x80,0x03&quot;) 'power up the tsl2561 lux sensor
 program: ex(&quot;pi4j&quot;, &quot;i2c write1 0x29,0x81,0x00&quot;)
 program: ex(&quot;pi4j&quot;, &quot;i2c write1 0x29,0x86,0x00&quot;) 'scale
 program: ex(&quot;pi4j&quot;, &quot;i2c write1 0x29,0x80,0x00&quot;) 'power down
 program: ex(&quot;pi4j&quot;, &quot;i2c write1 0x29,0x80,0x03&quot;) ' power up again
 program: delay(50)
 program: '
 program: 'get the lux value
 program: v1=ex(&quot;pi4j&quot;, &quot;i2c read1 0x29,0x8c&quot;)
 program: v2=ex(&quot;pi4j&quot;, &quot;i2c read1 0x29,0x8d&quot;)
 program: v=s2i(v2)*256+s2i(v1)
 program: '
 program: ex(&quot;pi4j&quot;, &quot;i2c close.&quot;)
 program: ex(&quot;service&quot;,&quot;clear sendBuffer&quot;)
 program: ex(&quot;service&quot;,&quot;putSendBuffer device=light, Date=&quot;+ex(&quot;service&quot;,&quot;getCurrentDate.&quot;)+&quot;, v=&quot;+v);
 program: ex(&quot;service&quot;,&quot;sendResults.&quot;)
 command: end i2cLightSensor
 command: run i2cLightSensor
 result:
 device=light, Date=2022/12/7/ 10:7:0, v=15
 currentDevice=&quot;yamaRasPiDp1_1&quot;,Date=2022/12/7/ 10:7:0
</textarea>
  <br />
  <div style="float:left;">
   <input type="submit" name="preview" value="プレビュー" accesskey="p" />
   <input type="submit" name="write"   value="ページの更新" accesskey="s" />
   
   <input type="checkbox" name="notimestamp" id="_edit_form_notimestamp" value="true" />
   <label for="_edit_form_notimestamp"><span class="small">タイムスタンプを変更しない</span></label>
&nbsp;
  </div>
  <textarea name="original" rows="1" cols="1" style="display:none">[[LighySensor2]]

 objectPage http://192.168.1.18/pukiwiki/?LightSensor2 or http://192.168.1.18/pukiwiki/?LightSensor2
 device yamaRasPiDp9_1 or yamaRasPiDp9_2 start after no write for 10 min.
 command: set readInterval=15000
 command: set execInterval=0
 command: program i2cLightSensor
 program: '
 program: ' init i2c
 program: ex(&quot;pi4j&quot;, &quot;i2c use 1&quot;)
 program: '
 program: ' init lux sensor 
 program: ex(&quot;pi4j&quot;, &quot;i2c write1 0x29,0x80,0x03&quot;) 'power up the tsl2561 lux sensor
 program: ex(&quot;pi4j&quot;, &quot;i2c write1 0x29,0x81,0x00&quot;)
 program: ex(&quot;pi4j&quot;, &quot;i2c write1 0x29,0x86,0x00&quot;) 'scale
 program: ex(&quot;pi4j&quot;, &quot;i2c write1 0x29,0x80,0x00&quot;) 'power down
 program: ex(&quot;pi4j&quot;, &quot;i2c write1 0x29,0x80,0x03&quot;) ' power up again
 program: delay(50)
 program: '
 program: 'get the lux value
 program: v1=ex(&quot;pi4j&quot;, &quot;i2c read1 0x29,0x8c&quot;)
 program: v2=ex(&quot;pi4j&quot;, &quot;i2c read1 0x29,0x8d&quot;)
 program: v=s2i(v2)*256+s2i(v1)
 program: '
 program: ex(&quot;pi4j&quot;, &quot;i2c close.&quot;)
 program: ex(&quot;service&quot;,&quot;clear sendBuffer&quot;)
 program: ex(&quot;service&quot;,&quot;putSendBuffer device=light, Date=&quot;+ex(&quot;service&quot;,&quot;getCurrentDate.&quot;)+&quot;, v=&quot;+v);
 program: ex(&quot;service&quot;,&quot;sendResults.&quot;)
 command: end i2cLightSensor
 command: run i2cLightSensor
 result:
 device=light, Date=2022/12/7/ 10:7:0, v=15
 currentDevice=&quot;yamaRasPiDp1_1&quot;,Date=2022/12/7/ 10:7:0
</textarea>
 
j=1462 k=1469
dataStart=result:
 device=light, Date=2022/12/7/ 10:7:0, v=15
 currentDevice=&quot;yamaRasPiDp1_1&quot;,Date=2022/12/7/ 10:7:0
</textarea>
  <br />
  <div style="float:left;">
   <input type="submit" name="preview" value="プレビュー" accesskey="p" />
   <input type="submit" name="write"   value="ページの更新" accesskey="s" />
   
   <input type="checkbox" name="notimestamp" id="_edit_form_notimestamp" value="true" />
   <label for="_edit_form_notimestamp"><span class="small">タイムスタンプを変更しない</span></label>
&nbsp;
  </div>
  <textarea name="original" rows="1" cols="1" style="display:none">[[LighySensor2]]

 objectPage http://192.168.1.18/pukiwiki/?LightSensor2 or http://192.168.1.18/pukiwiki/?LightSensor2
 device yamaRasPiDp9_1 or yamaRasPiDp9_2 start after no write for 10 min.
 command: set readInterval=15000
 command: set execInterval=0
 command: program i2cLightSensor
 program: '
 program: ' init i2c
 program: ex(&quot;pi4j&quot;, &quot;i2c use 1&quot;)
 program: '
 program: ' init lux sensor 
 program: ex(&quot;pi4j&quot;, &quot;i2c write1 0x29,0x80,0x03&quot;) 'power up the tsl2561 lux sensor
 program: ex(&quot;pi4j&quot;, &quot;i2c write1 0x29,0x81,0x00&quot;)
 program: ex(&quot;pi4j&quot;, &quot;i2c write1 0x29,0x86,0x00&quot;) 'scale
 program: ex(&quot;pi4j&quot;, &quot;i2c write1 0x29,0x80,0x00&quot;) 'power down
 program: ex(&quot;pi4j&quot;, &quot;i2c write1 0x29,0x80,0x03&quot;) ' power up again
 program: delay(50)
 program: '
 program: 'get the lux value
 program: v1=ex(&quot;pi4j&quot;, &quot;i2c read1 0x29,0x8c&quot;)
 program: v2=ex(&quot;pi4j&quot;, &quot;i2c read1 0x29,0x8d&quot;)
 program: v=s2i(v2)*256+s2i(v1)
 program: '
 program: ex(&quot;pi4j&quot;, &quot;i2c close.&quot;)
 program: ex(&quot;service&quot;,&quot;clear sendBuffer&quot;)
 program: ex(&quot;service&quot;,&quot;putSendBuffer device=light, Date=&quot;+ex(&quot;service&quot;,&quot;getCurrentDate.&quot;)+&quot;, v=&quot;+v);
 program: ex(&quot;service&quot;,&quot;sendResults.&quot;)
 command: end i2cLightSensor
 command: run i2cLightSensor
 result:
 device=light, Date=2022/12/7/ 10:7:0, v=15
 currentDevice=&quot;yamaRasPiDp1_1&quot;,Date=2022/12/7/ 10:7:0
</textarea>
 
j=1462 k=1469
head=[[LighySensor2]]

 objectPage http://192.168.1.18/pukiwiki/?LightSensor2 or http://192.168.1.18/pukiwiki/?LightSensor2
 device yamaRasPiDp9_1 or yamaRasPiDp9_2 start after no write for 10 min.
 command: set readInterval=15000
 command: set execInterval=0
 command: program i2cLightSensor
 program: '
 program: ' init i2c
 program: ex(&quot;pi4j&quot;, &quot;i2c use 1&quot;)
 program: '
 program: ' init lux sensor 
 program: ex(&quot;pi4j&quot;, &quot;i2c write1 0x29,0x80,0x03&quot;) 'power up the tsl2561 lux sensor
 program: ex(&quot;pi4j&quot;, &quot;i2c write1 0x29,0x81,0x00&quot;)
 program: ex(&quot;pi4j&quot;, &quot;i2c write1 0x29,0x86,0x00&quot;) 'scale
 program: ex(&quot;pi4j&quot;, &quot;i2c write1 0x29,0x80,0x00&quot;) 'power down
 program: ex(&quot;pi4j&quot;, &quot;i2c write1 0x29,0x80,0x03&quot;) ' power up again
 program: delay(50)
 program: '
 program: 'get the lux value
 program: v1=ex(&quot;pi4j&quot;, &quot;i2c read1 0x29,0x8c&quot;)
 program: v2=ex(&quot;pi4j&quot;, &quot;i2c read1 0x29,0x8d&quot;)
 program: v=s2i(v2)*256+s2i(v1)
 program: '
 program: ex(&quot;pi4j&quot;, &quot;i2c close.&quot;)
 program: ex(&quot;service&quot;,&quot;clear sendBuffer&quot;)
 program: ex(&quot;service&quot;,&quot;putSendBuffer device=light, Date=&quot;+ex(&quot;service&quot;,&quot;getCurrentDate.&quot;)+&quot;, v=&quot;+v);
 program: ex(&quot;service&quot;,&quot;sendResults.&quot;)
 command: end i2cLightSensor
 command: run i2cLightSensor
 result:
body=
 device=light, Date=2022/12/7/ 10:7:0, v=15
 currentDevice=&quot;yamaRasPiDp1_1&quot;,Date=2022/12/7/ 10:7:0
tail=</textarea>
  <br />
  <div style="float:left;">
   <input type="submit" name="preview" value="プレビュー" accesskey="p" />
   <input type="submit" name="write"   value="ページの更新" accesskey="s" />
   
   <input type="checkbox" name="notimestamp" id="_edit_form_notimestamp" value="true" />
   <label for="_edit_form_notimestamp"><span class="small">タイムスタンプを変更しない</span></label>
&nbsp;
  </div>
  <textarea name="original" rows="1" cols="1" style="display:none">[[LighySensor2]]

 objectPage http://192.168.1.18/pukiwiki/?LightSensor2 or http://192.168.1.18/pukiwiki/?LightSensor2
 device yamaRasPiDp9_1 or yamaRasPiDp9_2 start after no write for 10 min.
 command: set readInterval=15000
 command: set execInterval=0
 command: program i2cLightSensor
 program: '
 program: ' init i2c
 program: ex(&quot;pi4j&quot;, &quot;i2c use 1&quot;)
 program: '
 program: ' init lux sensor 
 program: ex(&quot;pi4j&quot;, &quot;i2c write1 0x29,0x80,0x03&quot;) 'power up the tsl2561 lux sensor
 program: ex(&quot;pi4j&quot;, &quot;i2c write1 0x29,0x81,0x00&quot;)
 program: ex(&quot;pi4j&quot;, &quot;i2c write1 0x29,0x86,0x00&quot;) 'scale
 program: ex(&quot;pi4j&quot;, &quot;i2c write1 0x29,0x80,0x00&quot;) 'power down
 program: ex(&quot;pi4j&quot;, &quot;i2c write1 0x29,0x80,0x03&quot;) ' power up again
 program: delay(50)
 program: '
 program: 'get the lux value
 program: v1=ex(&quot;pi4j&quot;, &quot;i2c read1 0x29,0x8c&quot;)
 program: v2=ex(&quot;pi4j&quot;, &quot;i2c read1 0x29,0x8d&quot;)
 program: v=s2i(v2)*256+s2i(v1)
 program: '
 program: ex(&quot;pi4j&quot;, &quot;i2c close.&quot;)
 program: ex(&quot;service&quot;,&quot;clear sendBuffer&quot;)
 program: ex(&quot;service&quot;,&quot;putSendBuffer device=light, Date=&quot;+ex(&quot;service&quot;,&quot;getCurrentDate.&quot;)+&quot;, v=&quot;+v);
 program: ex(&quot;service&quot;,&quot;sendResults.&quot;)
 command: end i2cLightSensor
 command: run i2cLightSensor
 result:
 device=light, Date=2022/12/7/ 10:7:0, v=15
 currentDevice=&quot;yamaRasPiDp1_1&quot;,Date=2022/12/7/ 10:7:0
</textarea>
 
actionwork1= action="./" method="post" class="_plugin_edit_edit_form" style="margin-bottom:0;"
actionwork1= action="./" method="post" class="_plugin_edit_edit_form" style="margin-bottom:0;"
tag= action="./" method="post" class="_plugin_edit_edit_form" style="margin-bottom:0;"
key=action
 key?=action
 keyx=action t="./"
action url=./
action url=./
tag=<input type="hidden" name="encode_hint" value="ぷ" />
key=type
 key?=type
 keyx=type t="hidden"
tag=<input type="hidden" name="encode_hint" value="ぷ" />
key=name
 key?=type
 key?=name
 keyx=name t="encode_hint"
tag=<input type="hidden" name="encode_hint" value="ぷ" />
key=value
 key?=type
 key?=name
 key?=value
 keyx=value t="ぷ"
 encode_hint=ぷ
tag=<input type="submit" name="template" value="読込" accesskey="r" />
key=type
 key?=type
 keyx=type t="submit"
tag=<input type="submit" name="template" value="読込" accesskey="r" />
key=name
 key?=type
 key?=name
 keyx=name t="template"
tag=<input type="submit" name="template" value="読込" accesskey="r" />
key=value
 key?=type
 key?=name
 key?=value
 keyx=value t="読込"
 template=読込
tag=<input type="hidden" name="cmd"    value="edit" />
key=type
 key?=type
 keyx=type t="hidden"
tag=<input type="hidden" name="cmd"    value="edit" />
key=name
 key?=type
 key?=name
 keyx=name t="cmd"
tag=<input type="hidden" name="cmd"    value="edit" />
key=value
 key?=type
 key?=name
 key?=value
 keyx=value t="edit"
 cmd=edit
tag=<input type="hidden" name="page"   value="LightSensor2" />
key=type
 key?=type
 keyx=type t="hidden"
tag=<input type="hidden" name="page"   value="LightSensor2" />
key=name
 key?=type
 key?=name
 keyx=name t="page"
tag=<input type="hidden" name="page"   value="LightSensor2" />
key=value
 key?=type
 key?=name
 key?=value
 keyx=value t="LightSensor2"
 page=LightSensor2
tag=<input type="hidden" name="digest" value="a6c3548635097455d6ed623bee5054db" />
key=type
 key?=type
 keyx=type t="hidden"
tag=<input type="hidden" name="digest" value="a6c3548635097455d6ed623bee5054db" />
key=name
 key?=type
 key?=name
 keyx=name t="digest"
tag=<input type="hidden" name="digest" value="a6c3548635097455d6ed623bee5054db" />
key=value
 key?=type
 key?=name
 key?=value
 keyx=value t="a6c3548635097455d6ed623bee5054db"
 digest=a6c3548635097455d6ed623bee5054db
tag=<input type="hidden" id="_msg_edit_cancel_confirm" value="編集中のテキストは破棄されます。よろしいですか ?" />
key=type
 key?=type
 keyx=type t="hidden"
tag=<input type="hidden" id="_msg_edit_cancel_confirm" value="編集中のテキストは破棄されます。よろしいですか ?" />
key=name
 key?=type
 key?=id
 key?=value
 key?=?"
tag=<input type="hidden" id="_msg_edit_cancel_confirm" value="編集中のテキストは破棄されます。よろしいですか ?" />
key=value
 key?=type
 key?=id
 key?=value
 keyx=value t="編集中のテキストは破棄されます。よろしいですか
 =編集中のテキストは破棄されます。よろしいですか
tag=<input type="hidden" id="_msg_edit_unloadbefore_message" value="入力したデータは保存されません。" />
key=type
 key?=type
 keyx=type t="hidden"
tag=<input type="hidden" id="_msg_edit_unloadbefore_message" value="入力したデータは保存されません。" />
key=name
 key?=type
 key?=id
 key?=value
 key?=/>
tag=<input type="hidden" id="_msg_edit_unloadbefore_message" value="入力したデータは保存されません。" />
key=value
 key?=type
 key?=id
 key?=value
 keyx=value t="入力したデータは保存されません。"
 =入力したデータは保存されません。
tag=<input type="submit" name="preview" value="プレビュー" accesskey="p" />
key=type
 key?=type
 keyx=type t="submit"
tag=<input type="submit" name="preview" value="プレビュー" accesskey="p" />
key=name
 key?=type
 key?=name
 keyx=name t="preview"
tag=<input type="submit" name="preview" value="プレビュー" accesskey="p" />
key=value
 key?=type
 key?=name
 key?=value
 keyx=value t="プレビュー"
 preview=プレビュー
tag=<input type="submit" name="write"   value="ページの更新" accesskey="s" />
key=type
 key?=type
 keyx=type t="submit"
tag=<input type="submit" name="write"   value="ページの更新" accesskey="s" />
key=name
 key?=type
 key?=name
 keyx=name t="write"
tag=<input type="submit" name="write"   value="ページの更新" accesskey="s" />
key=value
 key?=type
 key?=name
 key?=value
 keyx=value t="ページの更新"
 write=ページの更新
tag=<input type="checkbox" name="notimestamp" id="_edit_form_notimestamp" value="true" />
key=type
 key?=type
 keyx=type t="checkbox"
url=./
editWriteValue=ページの更新
editCmd=edit
editPage=LightSensor2
digest=a6c3548635097455d6ed623bee5054db
SaveButtonDebuFram.replaceTextWith(device=light, Date=2022/12/8/ 23:15:6, v=0
currentDevice="yamaRasPiDp1_1",Date=2022/12/8/ 23:15:6
) error:java.lang.IllegalArgumentException: host parameter is null
msg.updateText=[[LighySensor2]]

 objectPage http://192.168.1.18/pukiwiki/?LightSensor2 or http://192.168.1.18/pukiwiki/?LightSensor2
 device yamaRasPiDp9_1 or yamaRasPiDp9_2 start after no write for 10 min.
 command: set readInterval=15000
 command: set execInterval=0
 command: program i2cLightSensor
 program: '
 program: ' init i2c
 program: ex("pi4j", "i2c use 1")
 program: '
 program: ' init lux sensor 
 program: ex("pi4j", "i2c write1 0x29,0x80,0x03") 'power up the tsl2561 lux sensor
 program: ex("pi4j", "i2c write1 0x29,0x81,0x00")
 program: ex("pi4j", "i2c write1 0x29,0x86,0x00") 'scale
 program: ex("pi4j", "i2c write1 0x29,0x80,0x00") 'power down
 program: ex("pi4j", "i2c write1 0x29,0x80,0x03") ' power up again
 program: delay(50)
 program: '
 program: 'get the lux value
 program: v1=ex("pi4j", "i2c read1 0x29,0x8c")
 program: v2=ex("pi4j", "i2c read1 0x29,0x8d")
 program: v=s2i(v2)*256+s2i(v1)
 program: '
 program: ex("pi4j", "i2c close.")
 program: ex("service","clear sendBuffer")
 program: ex("service","putSendBuffer device=light, Date="+ex("service","getCurrentDate.")+", v="+v);
 program: ex("service","sendResults.")
 command: end i2cLightSensor
 command: run i2cLightSensor
 result:
 device=light, Date=2022/12/8/ 23:15:6, v=0
 currentDevice="yamaRasPiDp1_1",Date=2022/12/8/ 23:15:6
 
write.editWriteValue=ページの更新
cmd.editCmd=edit
page.editPage=LightSensor2
digest.editDigest=a6c3548635097455d6ed623bee5054db
java.lang.IllegalArgumentException: host parameter is null
	at org.apache.commons.httpclient.HttpConnection.setHost(HttpConnection.java:249)
	at org.apache.commons.httpclient.SimpleHttpConnectionManager.getConnectionWithTimeout(SimpleHttpConnectionManager.java:189)
	at org.apache.commons.httpclient.HttpMethodDirector.executeMethod(HttpMethodDirector.java:153)
	at org.apache.commons.httpclient.HttpClient.executeMethod(HttpClient.java:397)
	at org.apache.commons.httpclient.HttpClient.executeMethod(HttpClient.java:323)
	at org.yamaLab.pukiwikiCommunicator.connector.SaveButtonDebugFrame.replaceTextWith(SaveButtonDebugFrame.java:804)
	at org.yamaLab.pukiwikiCommunicator.connector.SaveButtonDebugFrame.saveText(SaveButtonDebugFrame.java:217)
	at org.yamaLab.pukiwikiCommunicator.MainController.sendResults(MainController.java:1192)
	at org.yamaLab.pukiwikiCommunicator.MainController.parseCommand(MainController.java:1024)
	at org.yamaLab.pukiwikiCommunicator.Basic.applyMiscOperation(Basic.java:97)
	at org.yamaLab.pukiwikiCommunicator.language.ALisp.apply(ALisp.java:605)
	at org.yamaLab.pukiwikiCommunicator.language.ALisp.eval(ALisp.java:736)
	at org.yamaLab.pukiwikiCommunicator.language.ALisp.progn(ALisp.java:211)
	at org.yamaLab.pukiwikiCommunicator.language.ALisp.eval(ALisp.java:726)
	at org.yamaLab.pukiwikiCommunicator.language.ALisp.preEval(ALisp.java:467)
	at org.yamaLab.pukiwikiCommunicator.language.ABasic.evalList(ABasic.java:147)
	at org.yamaLab.pukiwikiCommunicator.Basic.runProgram(Basic.java:72)
	at org.yamaLab.pukiwikiCommunicator.Basic.parseCommand(Basic.java:931)
	at org.yamaLab.pukiwikiCommunicator.MainController.parseInputCommand(MainController.java:306)
	at org.yamaLab.pukiwikiCommunicator.MainController.execCommands(MainController.java:977)
	at org.yamaLab.pukiwikiCommunicator.MainController.setInput(MainController.java:208)
	at org.yamaLab.pukiwikiCommunicator.connector.SaveButtonDebugFrame.readFromPukiwikiPageAndSetData(SaveButtonDebugFrame.java:893)
	at org.yamaLab.pukiwikiCommunicator.MainController$1.run(MainController.java:693)
editUrl=http://192.168.1.18/pukiwiki/?LightSensor2

setPageOfTheURL editUrl=http://192.168.1.18/pukiwiki/?LightSensor2
connectButton.actionPerformed, url=http://192.168.1.18/pukiwiki/?LightSensor2
new getMethod(http://192.168.1.18/pukiwiki/?LightSensor2)
l=<?xml
r=?>
l=<meta
r=/>
tag= http-equiv="Content-Type" content="text/html; charset=UTF-8" 
key=encoding
 key?=http-equiv
 key?=content
 key?=charset
pageCharSet=
l=<body>
r=</body>
l=<div id="header">
