 face right )
 (aput comTab (list i 2 )
 0 )
 (setq i (+ i 1 )
 )
 (aput comTab (list i 0 )
 30000 )
 (aput comTab (list i 1 )
 face up )
 (aput comTab (list i 2 )
 0 )
 (setq i (+ i 1 )
 )
 (aput comTab (list i 0 )
 35000 )
 (aput comTab (list i 1 )
 face front )
 (aput comTab (list i 2 )
 0 )
 (setq i (+ i 1 )
 )
 (aput comTab (list i 0 )
 40000 )
 (aput comTab (list i 1 )
 face up )
 (aput comTab (list i 2 )
 0 )
 (setq i (+ i 1 )
 )
 (aput comTab (list i 0 )
 45000 )
 (aput comTab (list i 1 )
 face left )
 (aput comTab (list i 2 )
 0 )
 (setq i (+ i 1 )
 )
 (aput comTab (list i 0 )
 50000 )
 (aput comTab (list i 1 )
 face up )
 (aput comTab (list i 2 )
 0 )
 (setq i (+ i 1 )
 )
 (aput comTab (list i 0 )
 55000 )
 (aput comTab (list i 1 )
 face right )
 (aput comTab (list i 2 )
 0 )
 (setq i (+ i 1 )
 )
 (aput comTab (list i 0 )
 60000 )
 (aput comTab (list i 1 )
 face up )
 (aput comTab (list i 2 )
 0 )
 (setq i (+ i 1 )
 )
 (aput comTab (list i 0 )
 62000 )
 (aput comTab (list i 1 )
 face front )
 (aput comTab (list i 2 )
 0 )
 (setq i (+ i 1 )
 )
 (aput comTab (list i 0 )
 65000 )
 (aput comTab (list i 1 )
 face left )
 (aput comTab (list i 2 )
 4 )
 (setq i (+ i 1 )
 )
 (aput comTab (list i 0 )
 65000 )
 (aput comTab (list i 1 )
 face left )
 (aput comTab (list i 2 )
 5 )
 (setq i (+ i 1 )
 )
 (aput comTab (list i 0 )
 65000 )
 (aput comTab (list i 1 )
 face left )
 (aput comTab (list i 2 )
 6 )
 (setq i (+ i 1 )
 )
 (aput comTab (list i 0 )
 65000 )
 (aput comTab (list i 1 )
 face right )
 (aput comTab (list i 2 )
 1 )
 (setq i (+ i 1 )
 )
 (aput comTab (list i 0 )
 65000 )
 (aput comTab (list i 1 )
 face right )
 (aput comTab (list i 2 )
 2 )
 (setq i (+ i 1 )
 )
 (aput comTab (list i 0 )
 65000 )
 (aput comTab (list i 1 )
 face right )
 (aput comTab (list i 2 )
 3 )
 (setq i (+ i 1 )
 )
 (aput comTab (list i 0 )
 68000 )
 (aput comTab (list i 1 )
 face left )
 (aput comTab (list i 2 )
 1 )
 (setq i (+ i 1 )
 )
 (aput comTab (list i 0 )
 68000 )
 (aput comTab (list i 1 )
 face left )
 (aput comTab (list i 2 )
 2 )
 (setq i (+ i 1 )
 )
 (aput comTab (list i 0 )
 68000 )
 (aput comTab (list i 1 )
 face left )
 (aput comTab (list i 2 )
 3 )
 (setq i (+ i 1 )
 )
 (aput comTab (list i 0 )
 68000 )
 (aput comTab (list i 1 )
 face right )
 (aput comTab (list i 2 )
 4 )
 (setq i (+ i 1 )
 )
 (aput comTab (list i 0 )
 68000 )
 (aput comTab (list i 1 )
 face right )
 (aput comTab (list i 2 )
 5 )
 (setq i (+ i 1 )
 )
 (aput comTab (list i 0 )
 68000 )
 (aput comTab (list i 1 )
 face right )
 (aput comTab (list i 2 )
 6 )
 (setq i (+ i 1 )
 )
 (aput comTab (list i 0 )
 70000 )
 (aput comTab (list i 1 )
 face front )
 (aput comTab (list i 2 )
 0 )
 (setq i (+ i 1 )
 )
 (aput comTab (list i 0 )
 80000 )
 (aput comTab (list i 1 )
 face down )
 (aput comTab (list i 2 )
 0 )
 (setq i (+ i 1 )
 )
 (aput comTab (list i 0 )
 90000 )
 (aput comTab (list i 1 )
 face up )
 (aput comTab (list i 2 )
 0 )
 (setq n i )
 (setq mode schedule )
 (facemove face slow )
 (if (= (which nil )
 129 )
 (ex pycon gpio setup 25 change )
 true )
 (if (= mode allUp )
 (progn (facemove face up )
 (delay 2000 )
 )
 (if (= mode allDown )
 (progn (facemove face down )
 (delay 2000 )
 )
 (if (= mode schedule )
 (progn (setq endloop 0 )
 (for j 0 3000 1 (progn (for i 0 n 1 (progn (setq w (which nil )
 )
 (setq wx (comTab i 2 )
 )
 (if (or (= wx 0 )
 (= w wx )
 )
 (progn (setq t (comTab i 0 )
 )
 (setq ct (ex service getCurrentDate. )
 )
 (setq lct (date2l ct )
 )
 (setq dt (abs (- lct (+ t start )
 )
 )
 )
 (if (< dt 260 )
 (progn (printl wx )
 (printl t )
 (setq cmd (comTab i 1 )
 )
 (facemove cmd )
 (delay 260 )
 (if (= i n )
 (setq endloop 1 )
 true )
 )
 true )
 )
 true )
 )
 )
 (delay 100 )
 (if (= endloop 1 )
 (setq j 3000 )
 true )
 )
 )
 )
 true )
 )
 )
 )

java.lang.Exception: Stack trace
	at java.lang.Thread.dumpStack(Thread.java:1336)
	at org.yamaLab.pukiwikiCommunicator.language.ALisp.preEval(ALisp.java:474)
	at org.yamaLab.pukiwikiCommunicator.language.ABasic.evalList(ABasic.java:158)
	at org.yamaLab.pukiwikiCommunicator.Basic.runProgram(Basic.java:72)
	at org.yamaLab.pukiwikiCommunicator.Basic.parseCommand(Basic.java:931)
	at org.yamaLab.pukiwikiCommunicator.MainController.parseInputCommand(MainController.java:306)
	at org.yamaLab.pukiwikiCommunicator.MainController.execCommands(MainController.java:978)
	at org.yamaLab.pukiwikiCommunicator.MainController.run(MainController.java:665)
	at java.lang.Thread.run(Thread.java:748)
xdate=2023/2/13/ 15:00:00


rtnx=1676268000000


 atom ... null
error at defEXt, println java.lang.NullPointerException
error at defEXt, println java.lang.NullPointerException
java.lang.Exception: Stack trace
	at java.lang.Thread.dumpStack(Thread.java:1336)
	at org.yamaLab.pukiwikiCommunicator.language.ALisp.preEval(ALisp.java:474)
	at org.yamaLab.pukiwikiCommunicator.language.ABasic.evalList(ABasic.java:158)
	at org.yamaLab.pukiwikiCommunicator.Basic.runProgram(Basic.java:72)
	at org.yamaLab.pukiwikiCommunicator.Basic.parseCommand(Basic.java:931)
	at org.yamaLab.pukiwikiCommunicator.MainController.parseInputCommand(MainController.java:306)
	at org.yamaLab.pukiwikiCommunicator.MainController.execCommands(MainController.java:978)
	at org.yamaLab.pukiwikiCommunicator.MainController.run(MainController.java:665)
	at java.lang.Thread.run(Thread.java:748)
s=(progn (setq ctrlUrl http://www.yama-lab.org/netlab/2021/face_bot/index.php?face_bot_3_129 )
 (setq xdate 2023/2/13/ 15:00:00 )
 (ex service clear sendBuffer )
 (setq output  )
 (setq start (startdate nil )
 )
 (setq outline (+ start= start )
 )
 (setq i 0 )
 (aput comTab (list i 0 )
 1000 )
 (aput comTab (list i 1 )
 play-music )
 (aput comTab (list i 2 )
 129 )
 (setq i (+ i 1 )
 )
 (aput comTab (list i 0 )
 4000 )
 (aput comTab (list i 1 )
 face up )
 (aput comTab (list i 2 )
 0 )
 (setq i (+ i 1 )
 )
 (aput comTab (list i 0 )
 5000 )
 (aput comTab (list i 1 )
 face front )
 (aput comTab (list i 2 )
 0 )
 (setq i (+ i 1 )
 )
 (aput comTab (list i 0 )
 10000 )
 (aput comTab (list i 1 )
 face left )
 (aput comTab (list i 2 )
 0 )
 (setq i (+ i 1 )
 )
 (aput comTab (list i 0 )
 15000 )
 (aput comTab (list i 1 )
 face down )
 (aput comTab (list i 2 )
 0 )
 (setq i (+ i 1 )
 )
 (aput comTab (list i 0 )
 20000 )
 (aput comTab (list i 1 )
 face front )
 (aput comTab (list i 2 )
 0 )
 (setq i (+ i 1 )
 )
 (aput comTab (list i 0 )
 25000 )
 (aput comTab (list i 1 )
 face right )
 (aput comTab (list i 2 )
 0 )
 (setq i (+ i 1 )
 )
 (aput comTab (list i 0 )
 30000 )
 (aput comTab (list i 1 )
 face up )
 (aput comTab (list i 2 )
 0 )
 (setq i (+ i 1 )
 )
 (aput comTab (list i 0 )
 35000 )
 (aput comTab (list i 1 )
 face front )
 (aput comTab (list i 2 )
 0 )
 (setq i (+ i 1 )
 )
 (aput comTab (list i 0 )
 40000 )
 (aput comTab (list i 1 )
 face up )
 (aput comTab (list i 2 )
 0 )
 (setq i (+ i 1 )
 )
 (aput comTab (list i 0 )
 45000 )
 (aput comTab (list i 1 )
 face left )
 (aput comTab (list i 2 )
 0 )
 (setq i (+ i 1 )
 )
 (aput comTab (list i 0 )
 50000 )
 (aput comTab (list i 1 )
 face up )
 (aput comTab (list i 2 )
 0 )
 (setq i (+ i 1 )
 )
 (aput comTab (list i 0 )
 55000 )
 (aput comTab (list i 1 )
 face right )
 (aput comTab (list i 2 )
 0 )
 (setq i (+ i 1 )
 )
 (aput comTab (list i 0 )
 60000 )
 (aput comTab (list i 1 )
 face up )
 (aput comTab (list i 2 )
 0 )
 (setq i (+ i 1 )
 )
 (aput comTab (list i 0 )
 62000 )
 (aput comTab (list i 1 )
 face front )
 (aput comTab (list i 2 )
 0 )
 (setq i (+ i 1 )
 )
 (aput comTab (list i 0 )
 65000 )
 (aput comTab (list i 1 )
 face left )
 (aput comTab (list i 2 )
 4 )
 (setq i (+ i 1 )
 )
 (aput comTab (list i 0 )
 65000 )
 (aput comTab (list i 1 )
 face left )
 (aput comTab (list i 2 )
 5 )
 (setq i (+ i 1 )
 )
 (aput comTab (list i 0 )
 65000 )
 (aput comTab (list i 1 )
 face left )
 (aput comTab (list i 2 )
 6 )
 (setq i (+ i 1 )
 )
 (aput comTab (list i 0 )
 65000 )
 (aput comTab (list i 1 )
 face right )
 (aput comTab (list i 2 )
 1 )
 (setq i (+ i 1 )
 )
 (aput comTab (list i 0 )
 65000 )
 (aput comTab (list i 1 )
 face right )
 (aput comTab (list i 2 )
 2 )
 (setq i (+ i 1 )
 )
 (aput comTab (list i 0 )
 65000 )
 (aput comTab (list i 1 )
 face right )
 (aput comTab (list i 2 )
 3 )
 (setq i (+ i 1 )
 )
 (aput comTab (list i 0 )
 68000 )
 (aput comTab (list i 1 )
 face left )
 (aput comTab (list i 2 )
 1 )
 (setq i (+ i 1 )
 )
 (aput comTab (list i 0 )
 68000 )
 (aput comTab (list i 1 )
 face left )
 (aput comTab (list i 2 )
 2 )
 (setq i (+ i 1 )
 )
 (aput comTab (list i 0 )
 68000 )
 (aput comTab (list i 1 )
 face left )
 (aput comTab (list i 2 )
 3 )
 (setq i (+ i 1 )
 )
 (aput comTab (list i 0 )
 68000 )
 (aput comTab (list i 1 )
 face right )
 (aput comTab (list i 2 )
 4 )
 (setq i (+ i 1 )
 )
 (aput comTab (list i 0 )
 68000 )
 (aput comTab (list i 1 )
 face right )
 (aput comTab (list i 2 )
 5 )
 (setq i (+ i 1 )
 )
 (aput comTab (list i 0 )
 68000 )
 (aput comTab (list i 1 )
 face right )
 (aput comTab (list i 2 )
 6 )
 (setq i (+ i 1 )
 )
 (aput comTab (list i 0 )
 70000 )
 (aput comTab (list i 1 )
 face front )
 (aput comTab (list i 2 )
 0 )
 (setq i (+ i 1 )
 )
 (aput comTab (list i 0 )
 80000 )
 (aput comTab (list i 1 )
 face down )
 (aput comTab (list i 2 )
 0 )
 (setq i (+ i 1 )
 )
 (aput comTab (list i 0 )
 90000 )
 (aput comTab (list i 1 )
 face up )
 (aput comTab (list i 2 )
 0 )
 (setq n i )
 (setq mode schedule )
 (facemove face slow )
 (if (= (which nil )
 129 )
 (ex pycon gpio setup 25 change )
 true )
 (if (= mode allUp )
 (progn (facemove face up )
 (delay 2000 )
 )
 (if (= mode allDown )
 (progn (facemove face down )
 (delay 2000 )
 )
 (if (= mode schedule )
 (progn (setq endloop 0 )
 (for j 0 3000 1 (progn (for i 0 n 1 (progn (setq w (which nil )
 )
 (setq wx (comTab i 2 )
 )
 (if (or (= wx 0 )
 (= w wx )
 )
 (progn (setq t (comTab i 0 )
 )
 (setq ct (ex service getCurrentDate. )
 )
 (setq lct (date2l ct )
 )
 (setq dt (abs (- lct (+ t start )
 )
 )
 )
 (if (< dt 260 )
 (progn (printl wx )
 (printl t )
 (setq cmd (comTab i 1 )
 )
 (facemove cmd )
 (delay 260 )
 (if (= i n )
 (setq endloop 1 )
 true )
 )
 true )
 )
 true )
 )
 )
 (delay 100 )
 (if (= endloop 1 )
 (setq j 3000 )
 true )
 )
 )
 )
 true )
 )
 )
 )

s=(progn (setq ctrlUrl http://www.yama-lab.org/netlab/2021/face_bot/index.php?face_bot_3_129 )
 (setq xdate 2023/2/13/ 15:00:00 )
 (ex service clear sendBuffer )
 (setq output  )
 (setq start (startdate nil )
 )
 (setq outline (+ start= start )
 )
 (setq i 0 )
 (aput comTab (list i 0 )
 1000 )
 (aput comTab (list i 1 )
 play-music )
 (aput comTab (list i 2 )
 129 )
 (setq i (+ i 1 )
 )
 (aput comTab (list i 0 )
 4000 )
 (aput comTab (list i 1 )
 face up )
 (aput comTab (list i 2 )
 0 )
 (setq i (+ i 1 )
 )
 (aput comTab (list i 0 )
 5000 )
 (aput comTab (list i 1 )
 face front )
 (aput comTab (list i 2 )
 0 )
 (setq i (+ i 1 )
 )
 (aput comTab (list i 0 )
 10000 )
 (aput comTab (list i 1 )
 face left )
 (aput comTab (list i 2 )
 0 )
 (setq i (+ i 1 )
 )
 (aput comTab (list i 0 )
 15000 )
 (aput comTab (list i 1 )
 face down )
 (aput comTab (list i 2 )
 0 )
 (setq i (+ i 1 )
 )
 (aput comTab (list i 0 )
 20000 )
 (aput comTab (list i 1 )
 face front )
 (aput comTab (list i 2 )
 0 )
 (setq i (+ i 1 )
 )
 (aput comTab (list i 0 )
 25000 )
 (aput comTab (list i 1 )
 face right )
 (aput comTab (list i 2 )
 0 )
 (setq i (+ i 1 )
 )
 (aput comTab (list i 0 )
 30000 )
 (aput comTab (list i 1 )
 face up )
 (aput comTab (list i 2 )
 0 )
 (setq i (+ i 1 )
 )
 (aput comTab (list i 0 )
 35000 )
 (aput comTab (list i 1 )
 face front )
 (aput comTab (list i 2 )
 0 )
 (setq i (+ i 1 )
 )
 (aput comTab (list i 0 )
 40000 )
 (aput comTab (list i 1 )
 face up )
 (aput comTab (list i 2 )
 0 )
 (setq i (+ i 1 )
 )
 (aput comTab (list i 0 )
 45000 )
 (aput comTab (list i 1 )
 face left )
 (aput comTab (list i 2 )
 0 )
 (setq i (+ i 1 )
 )
 (aput comTab (list i 0 )
 50000 )
 (aput comTab (list i 1 )
 face up )
 (aput comTab (list i 2 )
 0 )
 (setq i (+ i 1 )
 )
 (aput comTab (list i 0 )
 55000 )
 (aput comTab (list i 1 )
 face right )
 (aput comTab (list i 2 )
 0 )
 (setq i (+ i 1 )
 )
 (aput comTab (list i 0 )
 60000 )
 (aput comTab (list i 1 )
 face up )
 (aput comTab (list i 2 )
 0 )
 (setq i (+ i 1 )
 )
 (aput comTab (list i 0 )
 62000 )
 (aput comTab (list i 1 )
 face front )
 (aput comTab (list i 2 )
 0 )
 (setq i (+ i 1 )
 )
 (aput comTab (list i 0 )
 65000 )
 (aput comTab (list i 1 )
 face left )
 (aput comTab (list i 2 )
 4 )
 (setq i (+ i 1 )
 )
 (aput comTab (list i 0 )
 65000 )
 (aput comTab (list i 1 )
 face left )
 (aput comTab (list i 2 )
 5 )
 (setq i (+ i 1 )
 )
 (aput comTab (list i 0 )
 65000 )
 (aput comTab (list i 1 )
 face left )
 (aput comTab (list i 2 )
 6 )
 (setq i (+ i 1 )
 )
 (aput comTab (list i 0 )
 65000 )
 (aput comTab (list i 1 )
 face right )
 (aput comTab (list i 2 )
 1 )
 (setq i (+ i 1 )
 )
 (aput comTab (list i 0 )
 65000 )
 (aput comTab (list i 1 )
 face right )
 (aput comTab (list i 2 )
 2 )
 (setq i (+ i 1 )
 )
 (aput comTab (list i 0 )
 65000 )
 (aput comTab (list i 1 )
 face right )
 (aput comTab (list i 2 )
 3 )
 (setq i (+ i 1 )
 )
 (aput comTab (list i 0 )
 68000 )
 (aput comTab (list i 1 )
 face left )
 (aput comTab (list i 2 )
 1 )
 (setq i (+ i 1 )
 )
 (aput comTab (list i 0 )
 68000 )
 (aput comTab (list i 1 )
 face left )
 (aput comTab (list i 2 )
 2 )
 (setq i (+ i 1 )
 )
 (aput comTab (list i 0 )
 68000 )
 (aput comTab (list i 1 )
 face left )
 (aput comTab (list i 2 )
 3 )
 (setq i (+ i 1 )
 )
 (aput comTab (list i 0 )
 68000 )
 (aput comTab (list i 1 )
 face right )
 (aput comTab (list i 2 )
 4 )
 (setq i (+ i 1 )
 )
 (aput comTab (list i 0 )
 68000 )
 (aput comTab (list i 1 )
 face right )
 (aput comTab (list i 2 )
 5 )
 (setq i (+ i 1 )
 )
 (aput comTab (list i 0 )
 68000 )
 (aput comTab (list i 1 )
 face right )
 (aput comTab (list i 2 )
 6 )
 (setq i (+ i 1 )
 )
 (aput comTab (list i 0 )
 70000 )
 (aput comTab (list i 1 )
 face front )
 (aput comTab (list i 2 )
 0 )
 (setq i (+ i 1 )
 )
 (aput comTab (list i 0 )
 80000 )
 (aput comTab (list i 1 )
 face down )
 (aput comTab (list i 2 )
 0 )
 (setq i (+ i 1 )
 )
 (aput comTab (list i 0 )
 90000 )
 (aput comTab (list i 1 )
 face up )
 (aput comTab (list i 2 )
 0 )
 (setq n i )
 (setq mode schedule )
 (facemove face slow )
 (if (= (which nil )
 129 )
 (ex pycon gpio setup 25 change )
 true )
 (if (= mode allUp )
 (progn (facemove face up )
 (delay 2000 )
 )
 (if (= mode allDown )
 (progn (facemove face down )
 (delay 2000 )
 )
 (if (= mode schedule )
 (progn (setq endloop 0 )
 (for j 0 3000 1 (progn (for i 0 n 1 (progn (setq w (which nil )
 )
 (setq wx (comTab i 2 )
 )
 (if (or (= wx 0 )
 (= w wx )
 )
 (progn (setq t (comTab i 0 )
 )
 (setq ct (ex service getCurrentDate. )
 )
 (setq lct (date2l ct )
 )
 (setq dt (abs (- lct (+ t start )
 )
 )
 )
 (if (< dt 260 )
 (progn (printl wx )
 (printl t )
 (setq cmd (comTab i 1 )
 )
 (facemove cmd )
 (delay 260 )
 (if (= i n )
 (setq endloop 1 )
 true )
 )
 true )
 )
 true )
 )
 )
 (delay 100 )
 (if (= endloop 1 )
 (setq j 3000 )
 true )
 )
 )
 )
 true )
 )
 )
 )

xdate=2023/2/13/ 15:00:00


rtnx=1676268000000


 atom ... null
error at defEXt, println java.lang.NullPointerException
error at defEXt, println java.lang.NullPointerException
java.lang.Exception: Stack trace
s=(progn (setq ctrlUrl http://www.yama-lab.org/netlab/2021/face_bot/index.php?face_bot_3_129 )
 (setq xdate 2023/2/13/ 15:00:00 )
 (ex service clear sendBuffer )
 (setq output  )
 (setq start (startdate nil )
 )
 (setq outline (+ start= start )
 )
 (setq i 0 )
 (aput comTab (list i 0 )
 1000 )
 (aput comTab (list i 1 )
 play-music )
 (aput comTab (list i 2 )
 129 )
 (setq i (+ i 1 )
 )
 (aput comTab (list i 0 )
 4000 )
 (aput comTab (list i 1 )
 face up )
 (aput comTab (list i 2 )
 0 )
 (setq i (+ i 1 )
 )
 (aput comTab (list i 0 )
 5000 )
 (aput comTab (list i 1 )
 face front )
 (aput comTab (list i 2 )
 0 )
 (setq i (+ i 1 )
 )
 (aput comTab (list i 0 )
 10000 )
 (aput comTab (list i 1 )
 face left )
 (aput comTab (list i 2 )
 0 )
 (setq i (+ i 1 )
 )
 (aput comTab (list i 0 )
 15000 )
 (aput comTab (list i 1 )
 face down )
 (aput comTab (list i 2 )
 0 )
 (setq i (+ i 1 )
 )
 (aput comTab (list i 0 )
 20000 )
 (aput comTab (list i 1 )
 face front )
 (aput comTab (list i 2 )
 0 )
 (setq i (+ i 1 )
 )
 (aput comTab (list i 0 )
 25000 )
 (aput comTab (list i 1 )
 face right )
 (aput comTab (list i 2 )
 0 )
 (setq i (+ i 1 )
 )
 (aput comTab (list i 0 )
 30000 )
 (aput comTab (list i 1 )
 face up )
 (aput comTab (list i 2 )
 0 )
 (setq i (+ i 1 )
 )
 (aput comTab (list i 0 )
 35000 )
 (aput comTab (list i 1 )
 face front )
 (aput comTab (list i 2 )
 0 )
 (setq i (+ i 1 )
 )
 (aput comTab (list i 0 )
 40000 )
 (aput comTab (list i 1 )
 face up )
 (aput comTab (list i 2 )
 0 )
 (setq i (+ i 1 )
 )
 (aput comTab (list i 0 )
 45000 )
 (aput comTab (list i 1 )
 face left )
 (aput comTab (list i 2 )
 0 )
 (setq i (+ i 1 )
 )
 (aput comTab (list i 0 )
 50000 )
 (aput comTab (list i 1 )
 face up )
 (aput comTab (list i 2 )
 0 )
 (setq i (+ i 1 )
 )
 (aput comTab (list i 0 )
 55000 )
 (aput comTab (list i 1 )
 face right )
 (aput comTab (list i 2 )
 0 )
 (setq i (+ i 1 )
 )
 (aput comTab (list i 0 )
 60000 )
 (aput comTab (list i 1 )
 face up )
 (aput comTab (list i 2 )
 0 )
 (setq i (+ i 1 )
 )
 (aput comTab (list i 0 )
 62000 )
 (aput comTab (list i 1 )
 face front )
 (aput comTab (list i 2 )
 0 )
 (setq i (+ i 1 )
 )
 (aput comTab (list i 0 )
 65000 )
 (aput comTab (list i 1 )
 face left )
 (aput comTab (list i 2 )
 4 )
 (setq i (+ i 1 )
 )
 (aput comTab (list i 0 )
 65000 )
 (aput comTab (list i 1 )
 face left )
 (aput comTab (list i 2 )
 5 )
 (setq i (+ i 1 )
 )
 (aput comTab (list i 0 )
 65000 )
 (aput comTab (list i 1 )
 face left )
 (aput comTab (list i 2 )
 6 )
 (setq i (+ i 1 )
 )
 (aput comTab (list i 0 )
 65000 )
 (aput comTab (list i 1 )
 face right )
 (aput comTab (list i 2 )
 1 )
 (setq i (+ i 1 )
 )
 (aput comTab (list i 0 )
 65000 )
 (aput comTab (list i 1 )
 face right )
 (aput comTab (list i 2 )
 2 )
 (setq i (+ i 1 )
 )
 (aput comTab (list i 0 )
 65000 )
 (aput comTab (list i 1 )
 face right )
 (aput comTab (list i 2 )
 3 )
 (setq i (+ i 1 )
 )
 (aput comTab (list i 0 )
 68000 )
 (aput comTab (list i 1 )
 face left )
 (aput comTab (list i 2 )
 1 )
 (setq i (+ i 1 )
 )
 (aput comTab (list i 0 )
 68000 )
 (aput comTab (list i 1 )
 face left )
 (aput comTab (list i 2 )
 2 )
 (setq i (+ i 1 )
 )
 (aput comTab (list i 0 )
 68000 )
 (aput comTab (list i 1 )
 face left )
 (aput comTab (list i 2 )
 3 )
 (setq i (+ i 1 )
 )
 (aput comTab (list i 0 )
 68000 )
 (aput comTab (list i 1 )
 face right )
 (aput comTab (list i 2 )
 4 )
 (setq i (+ i 1 )
 )
 (aput comTab (list i 0 )
 68000 )
 (aput comTab (list i 1 )
 face right )
 (aput comTab (list i 2 )
 5 )
 (setq i (+ i 1 )
 )
 (aput comTab (list i 0 )
 68000 )
 (aput comTab (list i 1 )
 face right )
 (aput comTab (list i 2 )
 6 )
 (setq i (+ i 1 )
 )
 (aput comTab (list i 0 )
 70000 )
 (aput comTab (list i 1 )
 face front )
 (aput comTab (list i 2 )
 0 )
 (setq i (+ i 1 )
 )
 (aput comTab (list i 0 )
 80000 )
 (aput comTab (list i 1 )
 face down )
 (aput comTab (list i 2 )
 0 )
 (setq i (+ i 1 )
 )
 (aput comTab (list i 0 )
 90000 )
 (aput comTab (list i 1 )
 face up )
 (aput comTab (list i 2 )
 0 )
 (setq n i )
 (setq mode schedule )
 (facemove face slow )
 (if (= (which nil )
 129 )
 (ex pycon gpio setup 25 change )
 true )
 (if (= mode allUp )
 (progn (facemove face up )
 (delay 2000 )
 )
 (if (= mode allDown )
 (progn (facemove face down )
 (delay 2000 )
 )
 (if (= mode schedule )
 (progn (setq endloop 0 )
 (for j 0 3000 1 (progn (for i 0 n 1 (progn (setq w (which nil )
 )
 (setq wx (comTab i 2 )
 )
 (if (or (= wx 0 )
 (= w wx )
 )
 (progn (setq t (comTab i 0 )
 )
 (setq ct (ex service getCurrentDate. )
 )
 (setq lct (date2l ct )
 )
 (setq dt (abs (- lct (+ t start )
 )
 )
 )
 (if (< dt 260 )
 (progn (printl wx )
 (printl t )
 (setq cmd (comTab i 1 )
 )
 (facemove cmd )
 (delay 260 )
 (if (= i n )
 (setq endloop 1 )
 true )
 )
 true )
 )
 true )
 )
 )
 (delay 100 )
 (if (= endloop 1 )
 (setq j 3000 )
 true )
 )
 )
 )
 true )
 )
 )
 )

s=(progn (setq ctrlUrl http://www.yama-lab.org/netlab/2021/face_bot/index.php?face_bot_3_129 )
 (setq xdate 2023/2/13/ 15:00:00 )
 (ex service clear sendBuffer )
 (setq output  )
 (setq start (startdate nil )
 )
 (setq outline (+ start= start )
 )
 (setq i 0 )
 (aput comTab (list i 0 )
 1000 )
 (aput comTab (list i 1 )
 play-music )
 (aput comTab (list i 2 )
 129 )
 (setq i (+ i 1 )
 )
 (aput comTab (list i 0 )
 4000 )
 (aput comTab (list i 1 )
 face up )
 (aput comTab (list i 2 )
 0 )
 (setq i (+ i 1 )
 )
 (aput comTab (list i 0 )
 5000 )
 (aput comTab (list i 1 )
 face front )
 (aput comTab (list i 2 )
 0 )
 (setq i (+ i 1 )
 )
 (aput comTab (list i 0 )
 10000 )
 (aput comTab (list i 1 )
 face left )
 (aput comTab (list i 2 )
 0 )
 (setq i (+ i 1 )
 )
 (aput comTab (list i 0 )
 15000 )
 (aput comTab (list i 1 )
 face down )
 (aput comTab (list i 2 )
 0 )
 (setq i (+ i 1 )
 )
 (aput comTab (list i 0 )
 20000 )
 (aput comTab (list i 1 )
 face front )
 (aput comTab (list i 2 )
 0 )
 (setq i (+ i 1 )
 )
 (aput comTab (list i 0 )
 25000 )
 (aput comTab (list i 1 )
 face right )
 (aput comTab (list i 2 )
 0 )
 (setq i (+ i 1 )
 )
 (aput comTab (list i 0 )
 30000 )
 (aput comTab (list i 1 )
 face up )
 (aput comTab (list i 2 )
 0 )
 (setq i (+ i 1 )
 )
 (aput comTab (list i 0 )
 35000 )
 (aput comTab (list i 1 )
 face front )
 (aput comTab (list i 2 )
 0 )
 (setq i (+ i 1 )
 )
 (aput comTab (list i 0 )
 40000 )
 (aput comTab (list i 1 )
 face up )
 (aput comTab (list i 2 )
 0 )
 (setq i (+ i 1 )
 )
 (aput comTab (list i 0 )
 45000 )
 (aput comTab (list i 1 )
 face left )
 (aput comTab (list i 2 )
 0 )
 (setq i (+ i 1 )
 )
 (aput comTab (list i 0 )
 50000 )
 (aput comTab (list i 1 )
 face up )
 (aput comTab (list i 2 )
 0 )
 (setq i (+ i 1 )
 )
 (aput comTab (list i 0 )
 55000 )
 (aput comTab (list i 1 )
 face right )
 (aput comTab (list i 2 )
 0 )
 (setq i (+ i 1 )
 )
 (aput comTab (list i 0 )
 60000 )
 (aput comTab (list i 1 )
 face up )
 (aput comTab (list i 2 )
 0 )
 (setq i (+ i 1 )
 )
 (aput comTab (list i 0 )
 62000 )
 (aput comTab (list i 1 )
 face front )
 (aput comTab (list i 2 )
 0 )
 (setq i (+ i 1 )
 )
 (aput comTab (list i 0 )
 65000 )
 (aput comTab (list i 1 )
 face left )
 (aput comTab (list i 2 )
 4 )
 (setq i (+ i 1 )
 )
 (aput comTab (list i 0 )
 65000 )
 (aput comTab (list i 1 )
 face left )
 (aput comTab (list i 2 )
 5 )
 (setq i (+ i 1 )
 )
 (aput comTab (list i 0 )
 65000 )
 (aput comTab (list i 1 )
 face left )
 (aput comTab (list i 2 )
 6 )
 (setq i (+ i 1 )
 )
 (aput comTab (list i 0 )
 65000 )
 (aput comTab (list i 1 )
 face right )
 (aput comTab (list i 2 )
 1 )
 (setq i (+ i 1 )
 )
 (aput comTab (list i 0 )
 65000 )
 (aput comTab (list i 1 )
 face right )
 (aput comTab (list i 2 )
 2 )
 (setq i (+ i 1 )
 )
 (aput comTab (list i 0 )
 65000 )
 (aput comTab (list i 1 )
 face right )
 (aput comTab (list i 2 )
 3 )
 (setq i (+ i 1 )
 )
 (aput comTab (list i 0 )
 68000 )
 (aput comTab (list i 1 )
 face left )
 (aput comTab (list i 2 )
 1 )
 (setq i (+ i 1 )
 )
 (aput comTab (list i 0 )
 68000 )
 (aput comTab (list i 1 )
 face left )
 (aput comTab (list i 2 )
 2 )
 (setq i (+ i 1 )
 )
 (aput comTab (list i 0 )
 68000 )
 (aput comTab (list i 1 )
 face left )
 (aput comTab (list i 2 )
 3 )
 (setq i (+ i 1 )
 )
 (aput comTab (list i 0 )
 68000 )
 (aput comTab (list i 1 )
 face right )
 (aput comTab (list i 2 )
 4 )
 (setq i (+ i 1 )
 )
 (aput comTab (list i 0 )
 68000 )
 (aput comTab (list i 1 )
 face right )
 (aput comTab (list i 2 )
 5 )
 (setq i (+ i 1 )
 )
 (aput comTab (list i 0 )
 68000 )
 (aput comTab (list i 1 )
 face right )
 (aput comTab (list i 2 )
 6 )
 (setq i (+ i 1 )
 )
 (aput comTab (list i 0 )
 70000 )
 (aput comTab (list i 1 )
 face front )
 (aput comTab (list i 2 )
 0 )
 (setq i (+ i 1 )
 )
 (aput comTab (list i 0 )
 80000 )
 (aput comTab (list i 1 )
 face down )
 (aput comTab (list i 2 )
 0 )
 (setq i (+ i 1 )
 )
 (aput comTab (list i 0 )
 90000 )
 (aput comTab (list i 1 )
 face up )
 (aput comTab (list i 2 )
 0 )
 (setq n i )
 (setq mode schedule )
 (facemove face slow )
 (if (= (which nil )
 129 )
 (ex pycon gpio setup 25 change )
 true )
 (if (= mode allUp )
 (progn (facemove face up )
 (delay 2000 )
 )
 (if (= mode allDown )
 (progn (facemove face down )
 (delay 2000 )
 )
 (if (= mode schedule )
 (progn (setq endloop 0 )
 (for j 0 3000 1 (progn (for i 0 n 1 (progn (setq w (which nil )
 )
 (setq wx (comTab i 2 )
 )
 (if (or (= wx 0 )
 (= w wx )
 )
 (progn (setq t (comTab i 0 )
 )
 (setq ct (ex service getCurrentDate. )
 )
 (setq lct (date2l ct )
 )
 (setq dt (abs (- lct (+ t start )
 )
 )
 )
 (if (< dt 260 )
 (progn (printl wx )
 (printl t )
 (setq cmd (comTab i 1 )
 )
 (facemove cmd )
 (delay 260 )
 (if (= i n )
 (setq endloop 1 )
 true )
 )
 true )
 )
 true )
 )
 )
 (delay 100 )
 (if (= endloop 1 )
 (setq j 3000 )
 true )
 )
 )
 )
 true )
 )
 )
 )

	at java.lang.Thread.dumpStack(Thread.java:1336)
	at org.yamaLab.pukiwikiCommunicator.language.ALisp.preEval(ALisp.java:474)
	at org.yamaLab.pukiwikiCommunicator.language.ABasic.evalList(ABasic.java:158)
	at org.yamaLab.pukiwikiCommunicator.Basic.runProgram(Basic.java:72)
	at org.yamaLab.pukiwikiCommunicator.Basic.parseCommand(Basic.java:931)
	at org.yamaLab.pukiwikiCommunicator.MainController.parseInputCommand(MainController.java:306)
	at org.yamaLab.pukiwikiCommunicator.MainController.execCommands(MainController.java:978)
	at org.yamaLab.pukiwikiCommunicator.MainController.run(MainController.java:665)
	at java.lang.Thread.run(Thread.java:748)
